<?xml version="1.0" encoding="UTF-8"?>
<coverage generated="1419076827">
  <project timestamp="1419076827">
    <file name="/var/www/phalcon-devtools/phalcon.local/vendor/stanislav-web/phalcon-searcher/src/Searcher/Aware/ExceptionInterface.php">
      <metrics loc="34" ncloc="10" classes="0" methods="0" coveredmethods="0" conditionals="0" coveredconditionals="0" statements="0" coveredstatements="0" elements="0" coveredelements="0"/>
    </file>
    <file name="/var/www/phalcon-devtools/phalcon.local/vendor/stanislav-web/phalcon-searcher/src/Searcher/Aware/HydratorInterface.php">
      <metrics loc="33" ncloc="10" classes="0" methods="0" coveredmethods="0" conditionals="0" coveredconditionals="0" statements="0" coveredstatements="0" elements="0" coveredelements="0"/>
    </file>
    <package name="Searcher">
      <file name="/var/www/phalcon-devtools/phalcon.local/vendor/stanislav-web/phalcon-searcher/src/Searcher/Builder.php">
        <class name="Builder" namespace="Searcher" fullPackage="Searcher" package="Searcher">
          <metrics methods="11" coveredmethods="0" conditionals="0" coveredconditionals="0" statements="83" coveredstatements="0" elements="94" coveredelements="0"/>
        </class>
        <line num="48" type="method" name="__construct" crap="2" count="0"/>
        <line num="50" type="stmt" count="0"/>
        <line num="51" type="stmt" count="0"/>
        <line num="52" type="stmt" count="0"/>
        <line num="59" type="method" name="setTables" crap="6" count="0"/>
        <line num="61" type="stmt" count="0"/>
        <line num="64" type="stmt" count="0"/>
        <line num="66" type="stmt" count="0"/>
        <line num="68" type="stmt" count="0"/>
        <line num="77" type="method" name="setOrder" crap="30" count="0"/>
        <line num="80" type="stmt" count="0"/>
        <line num="81" type="stmt" count="0"/>
        <line num="83" type="stmt" count="0"/>
        <line num="84" type="stmt" count="0"/>
        <line num="85" type="stmt" count="0"/>
        <line num="87" type="stmt" count="0"/>
        <line num="88" type="stmt" count="0"/>
        <line num="89" type="stmt" count="0"/>
        <line num="90" type="stmt" count="0"/>
        <line num="91" type="stmt" count="0"/>
        <line num="93" type="stmt" count="0"/>
        <line num="95" type="stmt" count="0"/>
        <line num="97" type="stmt" count="0"/>
        <line num="105" type="method" name="setGroup" crap="20" count="0"/>
        <line num="109" type="stmt" count="0"/>
        <line num="111" type="stmt" count="0"/>
        <line num="113" type="stmt" count="0"/>
        <line num="115" type="stmt" count="0"/>
        <line num="117" type="stmt" count="0"/>
        <line num="118" type="stmt" count="0"/>
        <line num="119" type="stmt" count="0"/>
        <line num="120" type="stmt" count="0"/>
        <line num="121" type="stmt" count="0"/>
        <line num="122" type="stmt" count="0"/>
        <line num="124" type="stmt" count="0"/>
        <line num="132" type="method" name="setThreshold" crap="12" count="0"/>
        <line num="134" type="stmt" count="0"/>
        <line num="135" type="stmt" count="0"/>
        <line num="136" type="stmt" count="0"/>
        <line num="138" type="stmt" count="0"/>
        <line num="139" type="stmt" count="0"/>
        <line num="140" type="stmt" count="0"/>
        <line num="141" type="stmt" count="0"/>
        <line num="143" type="stmt" count="0"/>
        <line num="145" type="stmt" count="0"/>
        <line num="146" type="stmt" count="0"/>
        <line num="147" type="stmt" count="0"/>
        <line num="151" type="stmt" count="0"/>
        <line num="153" type="stmt" count="0"/>
        <line num="161" type="method" name="setWhere" crap="12" count="0"/>
        <line num="164" type="stmt" count="0"/>
        <line num="165" type="stmt" count="0"/>
        <line num="167" type="stmt" count="0"/>
        <line num="169" type="stmt" count="0"/>
        <line num="170" type="stmt" count="0"/>
        <line num="171" type="stmt" count="0"/>
        <line num="172" type="stmt" count="0"/>
        <line num="174" type="stmt" count="0"/>
        <line num="186" type="method" name="expressionRun" crap="12" count="0"/>
        <line num="189" type="stmt" count="0"/>
        <line num="192" type="stmt" count="0"/>
        <line num="194" type="stmt" count="0"/>
        <line num="198" type="stmt" count="0"/>
        <line num="201" type="stmt" count="0"/>
        <line num="202" type="stmt" count="0"/>
        <line num="203" type="stmt" count="0"/>
        <line num="205" type="stmt" count="0"/>
        <line num="208" type="stmt" count="0"/>
        <line num="218" type="method" name="loop" crap="20" count="0"/>
        <line num="223" type="stmt" count="0"/>
        <line num="225" type="stmt" count="0"/>
        <line num="227" type="stmt" count="0"/>
        <line num="228" type="stmt" count="0"/>
        <line num="229" type="stmt" count="0"/>
        <line num="230" type="stmt" count="0"/>
        <line num="233" type="stmt" count="0"/>
        <line num="235" type="stmt" count="0"/>
        <line num="236" type="stmt" count="0"/>
        <line num="238" type="stmt" count="0"/>
        <line num="246" type="method" name="ftFilter" crap="6" count="0"/>
        <line num="248" type="stmt" count="0"/>
        <line num="249" type="stmt" count="0"/>
        <line num="250" type="method" name="anonymous function" crap="2" count="0"/>
        <line num="251" type="stmt" count="0"/>
        <line num="252" type="stmt" count="0"/>
        <line num="254" type="stmt" count="0"/>
        <line num="265" type="method" name="setResult" crap="12" count="0"/>
        <line num="267" type="stmt" count="0"/>
        <line num="268" type="stmt" count="0"/>
        <line num="270" type="stmt" count="0"/>
        <line num="272" type="stmt" count="0"/>
        <line num="274" type="stmt" count="0"/>
        <line num="276" type="stmt" count="0"/>
        <line num="277" type="stmt" count="0"/>
        <line num="279" type="stmt" count="0"/>
        <metrics loc="282" ncloc="176" classes="1" methods="11" coveredmethods="0" conditionals="0" coveredconditionals="0" statements="84" coveredstatements="0" elements="95" coveredelements="0"/>
      </file>
      <file name="/var/www/phalcon-devtools/phalcon.local/vendor/stanislav-web/phalcon-searcher/src/Searcher/Searcher.php">
        <class name="Searcher" namespace="Searcher" fullPackage="Searcher" package="Searcher">
          <metrics methods="11" coveredmethods="7" conditionals="0" coveredconditionals="0" statements="40" coveredstatements="32" elements="51" coveredelements="39"/>
        </class>
        <line num="45" type="method" name="__construct" crap="1" count="2"/>
        <line num="47" type="stmt" count="2"/>
        <line num="48" type="stmt" count="2"/>
        <line num="56" type="method" name="setMin" crap="1" count="1"/>
        <line num="58" type="stmt" count="1"/>
        <line num="60" type="stmt" count="1"/>
        <line num="62" type="stmt" count="1"/>
        <line num="71" type="method" name="setMax" crap="1" count="1"/>
        <line num="73" type="stmt" count="1"/>
        <line num="75" type="stmt" count="1"/>
        <line num="76" type="stmt" count="1"/>
        <line num="88" type="method" name="setExact" crap="1" count="1"/>
        <line num="90" type="stmt" count="1"/>
        <line num="92" type="stmt" count="1"/>
        <line num="114" type="method" name="setFields" crap="1.02" count="1"/>
        <line num="118" type="stmt" count="1"/>
        <line num="119" type="stmt" count="1"/>
        <line num="120" type="stmt" count="1"/>
        <line num="122" type="stmt" count="0"/>
        <line num="139" type="method" name="setOrder" crap="1.02" count="1"/>
        <line num="142" type="stmt" count="1"/>
        <line num="143" type="stmt" count="1"/>
        <line num="144" type="stmt" count="1"/>
        <line num="146" type="stmt" count="0"/>
        <line num="163" type="method" name="setGroup" crap="1.02" count="1"/>
        <line num="167" type="stmt" count="1"/>
        <line num="168" type="stmt" count="1"/>
        <line num="169" type="stmt" count="1"/>
        <line num="171" type="stmt" count="0"/>
        <line num="185" type="method" name="setThreshold" crap="2" count="1"/>
        <line num="189" type="stmt" count="1"/>
        <line num="190" type="stmt" count="1"/>
        <line num="191" type="stmt" count="1"/>
        <line num="194" type="stmt" count="1"/>
        <line num="196" type="stmt" count="1"/>
        <line num="198" type="stmt" count="1"/>
        <line num="211" type="method" name="setQuery" crap="2" count="1"/>
        <line num="214" type="stmt" count="1"/>
        <line num="216" type="stmt" count="1"/>
        <line num="217" type="stmt" count="1"/>
        <line num="218" type="stmt" count="1"/>
        <line num="220" type="stmt" count="1"/>
        <line num="223" type="stmt" count="1"/>
        <line num="231" type="method" name="getFields" crap="1" count="1"/>
        <line num="233" type="stmt" count="1"/>
        <line num="244" type="method" name="run" crap="6" count="0"/>
        <line num="250" type="stmt" count="0"/>
        <line num="252" type="stmt" count="0"/>
        <line num="254" type="stmt" count="0"/>
        <line num="255" type="stmt" count="0"/>
        <line num="258" type="stmt" count="0"/>
        <metrics loc="259" ncloc="115" classes="1" methods="11" coveredmethods="7" conditionals="0" coveredconditionals="0" statements="40" coveredstatements="32" elements="51" coveredelements="39"/>
      </file>
      <file name="/var/www/phalcon-devtools/phalcon.local/vendor/stanislav-web/phalcon-searcher/src/Searcher/Validator.php">
        <class name="Validator" namespace="Searcher" fullPackage="Searcher" package="Searcher">
          <metrics methods="12" coveredmethods="7" conditionals="0" coveredconditionals="0" statements="65" coveredstatements="34" elements="77" coveredelements="41"/>
        </class>
        <line num="82" type="method" name="verify" crap="4" count="1"/>
        <line num="85" type="stmt" count="1"/>
        <line num="86" type="stmt" count="1"/>
        <line num="90" type="method" name="anonymous function" crap="3" count="1"/>
        <line num="92" type="stmt" count="1"/>
        <line num="93" type="stmt" count="1"/>
        <line num="94" type="stmt" count="1"/>
        <line num="96" type="stmt" count="1"/>
        <line num="97" type="stmt" count="1"/>
        <line num="98" type="stmt" count="1"/>
        <line num="99" type="stmt" count="1"/>
        <line num="102" type="stmt" count="1"/>
        <line num="111" type="method" name="setLength" crap="2" count="1"/>
        <line num="113" type="stmt" count="1"/>
        <line num="114" type="stmt" count="1"/>
        <line num="115" type="stmt" count="1"/>
        <line num="117" type="stmt" count="1"/>
        <line num="127" type="method" name="isNotNull" crap="3" count="2"/>
        <line num="129" type="stmt" count="2"/>
        <line num="130" type="stmt" count="1"/>
        <line num="133" type="stmt" count="1"/>
        <line num="143" type="method" name="isArray" crap="2" count="2"/>
        <line num="145" type="stmt" count="2"/>
        <line num="146" type="stmt" count="1"/>
        <line num="149" type="stmt" count="1"/>
        <line num="159" type="method" name="isNotEmpty" crap="2" count="2"/>
        <line num="161" type="stmt" count="2"/>
        <line num="162" type="stmt" count="1"/>
        <line num="165" type="stmt" count="1"/>
        <line num="177" type="method" name="isAcceptLength" crap="3" count="3"/>
        <line num="179" type="stmt" count="3"/>
        <line num="181" type="stmt" count="3"/>
        <line num="182" type="stmt" count="1"/>
        <line num="184" type="stmt" count="2"/>
        <line num="185" type="stmt" count="1"/>
        <line num="188" type="stmt" count="1"/>
        <line num="198" type="method" name="isModel" crap="2.15" count="3"/>
        <line num="201" type="stmt" count="3"/>
        <line num="202" type="stmt" count="3"/>
        <line num="205" type="stmt" count="0"/>
        <line num="215" type="method" name="isExists" crap="21.27" count="1"/>
        <line num="220" type="stmt" count="1"/>
        <line num="224" type="stmt" count="1"/>
        <line num="225" type="stmt" count="0"/>
        <line num="229" type="stmt" count="0"/>
        <line num="232" type="stmt" count="0"/>
        <line num="235" type="stmt" count="0"/>
        <line num="239" type="stmt" count="0"/>
        <line num="241" type="stmt" count="0"/>
        <line num="242" type="stmt" count="0"/>
        <line num="245" type="stmt" count="0"/>
        <line num="246" type="stmt" count="0"/>
        <line num="247" type="stmt" count="0"/>
        <line num="248" type="stmt" count="0"/>
        <line num="249" type="stmt" count="0"/>
        <line num="251" type="stmt" count="0"/>
        <line num="261" type="method" name="isOrdered" crap="20.15" count="1"/>
        <line num="266" type="stmt" count="1"/>
        <line num="270" type="stmt" count="1"/>
        <line num="271" type="stmt" count="0"/>
        <line num="275" type="stmt" count="0"/>
        <line num="279" type="stmt" count="0"/>
        <line num="281" type="stmt" count="0"/>
        <line num="282" type="stmt" count="0"/>
        <line num="285" type="stmt" count="0"/>
        <line num="286" type="stmt" count="0"/>
        <line num="289" type="stmt" count="0"/>
        <line num="290" type="stmt" count="0"/>
        <line num="291" type="stmt" count="0"/>
        <line num="293" type="stmt" count="0"/>
        <line num="302" type="method" name="validTypes" crap="6" count="0"/>
        <line num="305" type="stmt" count="0"/>
        <line num="306" type="stmt" count="0"/>
        <line num="309" type="stmt" count="0"/>
        <line num="322" type="method" name="validColumns" crap="6" count="0"/>
        <line num="324" type="stmt" count="0"/>
        <line num="325" type="stmt" count="0"/>
        <line num="328" type="stmt" count="0"/>
        <metrics loc="331" ncloc="187" classes="1" methods="12" coveredmethods="7" conditionals="0" coveredconditionals="0" statements="66" coveredstatements="35" elements="78" coveredelements="42"/>
      </file>
    </package>
    <package name="Searcher\Searcher\Exceptions">
      <file name="/var/www/phalcon-devtools/phalcon.local/vendor/stanislav-web/phalcon-searcher/src/Searcher/Exceptions/Column.php">
        <class name="Column" namespace="Searcher\Searcher\Exceptions" fullPackage="Searcher.Searcher" package="Searcher" subpackage="Searcher">
          <metrics methods="3" coveredmethods="3" conditionals="0" coveredconditionals="0" statements="10" coveredstatements="10" elements="13" coveredelements="13"/>
        </class>
        <line num="41" type="method" name="rise" crap="1" count="2"/>
        <line num="44" type="stmt" count="2"/>
        <line num="47" type="stmt" count="1"/>
        <line num="48" type="stmt" count="2"/>
        <line num="51" type="stmt" count="1"/>
        <line num="53" type="stmt" count="2"/>
        <line num="56" type="stmt" count="1"/>
        <line num="58" type="stmt" count="2"/>
        <line num="59" type="method" name="anonymous function" crap="1" count="2"/>
        <line num="61" type="stmt" count="2"/>
        <line num="62" type="stmt" count="2"/>
        <line num="64" type="stmt" count="2"/>
        <line num="66" type="stmt" count="2"/>
        <line num="74" type="method" name="getMessage" crap="1" count="2"/>
        <line num="76" type="stmt" count="2"/>
        <metrics loc="78" ncloc="37" classes="1" methods="3" coveredmethods="3" conditionals="0" coveredconditionals="0" statements="12" coveredstatements="12" elements="15" coveredelements="15"/>
      </file>
      <file name="/var/www/phalcon-devtools/phalcon.local/vendor/stanislav-web/phalcon-searcher/src/Searcher/Exceptions/DataType.php">
        <class name="DataType" namespace="Searcher\Searcher\Exceptions" fullPackage="Searcher.Searcher" package="Searcher" subpackage="Searcher">
          <metrics methods="2" coveredmethods="2" conditionals="0" coveredconditionals="0" statements="4" coveredstatements="4" elements="6" coveredelements="6"/>
        </class>
        <line num="41" type="method" name="rise" crap="1" count="3"/>
        <line num="44" type="stmt" count="3"/>
        <line num="45" type="stmt" count="3"/>
        <line num="47" type="stmt" count="3"/>
        <line num="55" type="method" name="getMessage" crap="1" count="3"/>
        <line num="57" type="stmt" count="3"/>
        <metrics loc="59" ncloc="26" classes="1" methods="2" coveredmethods="2" conditionals="0" coveredconditionals="0" statements="4" coveredstatements="4" elements="6" coveredelements="6"/>
      </file>
      <file name="/var/www/phalcon-devtools/phalcon.local/vendor/stanislav-web/phalcon-searcher/src/Searcher/Exceptions/InvalidLength.php">
        <class name="InvalidLength" namespace="Searcher\Searcher\Exceptions" fullPackage="Searcher.Searcher" package="Searcher" subpackage="Searcher">
          <metrics methods="2" coveredmethods="2" conditionals="0" coveredconditionals="0" statements="3" coveredstatements="3" elements="5" coveredelements="5"/>
        </class>
        <line num="34" type="method" name="rise" crap="1" count="3"/>
        <line num="37" type="stmt" count="3"/>
        <line num="39" type="stmt" count="3"/>
        <line num="47" type="method" name="getMessage" crap="1" count="3"/>
        <line num="49" type="stmt" count="3"/>
        <metrics loc="51" ncloc="23" classes="1" methods="2" coveredmethods="2" conditionals="0" coveredconditionals="0" statements="3" coveredstatements="3" elements="5" coveredelements="5"/>
      </file>
      <file name="/var/www/phalcon-devtools/phalcon.local/vendor/stanislav-web/phalcon-searcher/src/Searcher/Exceptions/Model.php">
        <class name="Model" namespace="Searcher\Searcher\Exceptions" fullPackage="Searcher.Searcher" package="Searcher" subpackage="Searcher">
          <metrics methods="3" coveredmethods="3" conditionals="0" coveredconditionals="0" statements="4" coveredstatements="4" elements="7" coveredelements="7"/>
        </class>
        <line num="41" type="method" name="rise" crap="1" count="4"/>
        <line num="44" type="stmt" count="4"/>
        <line num="45" type="method" name="anonymous function" crap="1" count="4"/>
        <line num="47" type="stmt" count="4"/>
        <line num="49" type="stmt" count="4"/>
        <line num="51" type="stmt" count="4"/>
        <line num="53" type="stmt" count="4"/>
        <line num="61" type="method" name="getMessage" crap="1" count="4"/>
        <line num="63" type="stmt" count="4"/>
        <metrics loc="65" ncloc="30" classes="1" methods="3" coveredmethods="3" conditionals="0" coveredconditionals="0" statements="6" coveredstatements="6" elements="9" coveredelements="9"/>
      </file>
    </package>
    <package name="Searcher\Searcher\Factories">
      <file name="/var/www/phalcon-devtools/phalcon.local/vendor/stanislav-web/phalcon-searcher/src/Searcher/Factories/ExceptionFactory.php">
        <class name="ExceptionFactory" namespace="Searcher\Searcher\Factories" fullPackage="Searcher.Searcher" package="Searcher" subpackage="Searcher">
          <metrics methods="1" coveredmethods="1" conditionals="0" coveredconditionals="0" statements="3" coveredstatements="3" elements="4" coveredelements="4"/>
        </class>
        <line num="30" type="method" name="anonymous function" crap="1" count="9"/>
        <line num="32" type="stmt" count="9"/>
        <line num="34" type="stmt" count="9"/>
        <line num="36" type="stmt" count="9"/>
        <line num="39" type="stmt" count="9"/>
        <metrics loc="41" ncloc="19" classes="1" methods="1" coveredmethods="1" conditionals="0" coveredconditionals="0" statements="4" coveredstatements="4" elements="5" coveredelements="5"/>
      </file>
    </package>
    <package name="Searcher\Searcher\Hydrators">
      <file name="/var/www/phalcon-devtools/phalcon.local/vendor/stanislav-web/phalcon-searcher/src/Searcher/Hydrators/ArrayHydrator.php">
        <class name="ArrayHydrator" namespace="Searcher\Searcher\Hydrators" fullPackage="Searcher" package="Searcher">
          <metrics methods="2" coveredmethods="2" conditionals="0" coveredconditionals="0" statements="7" coveredstatements="7" elements="9" coveredelements="9"/>
        </class>
        <line num="31" type="method" name="__construct" crap="1" count="1"/>
        <line num="33" type="stmt" count="1"/>
        <line num="34" type="stmt" count="1"/>
        <line num="42" type="method" name="extract" crap="2" count="1"/>
        <line num="45" type="stmt" count="1"/>
        <line num="46" type="stmt" count="1"/>
        <line num="47" type="stmt" count="1"/>
        <line num="49" type="stmt" count="1"/>
        <line num="52" type="stmt" count="1"/>
        <metrics loc="55" ncloc="29" classes="1" methods="2" coveredmethods="2" conditionals="0" coveredconditionals="0" statements="7" coveredstatements="7" elements="9" coveredelements="9"/>
      </file>
      <file name="/var/www/phalcon-devtools/phalcon.local/vendor/stanislav-web/phalcon-searcher/src/Searcher/Hydrators/JsonHydrator.php">
        <class name="JsonHydrator" namespace="Searcher\Searcher\Hydrators" fullPackage="Searcher" package="Searcher">
          <metrics methods="4" coveredmethods="3" conditionals="0" coveredconditionals="0" statements="14" coveredstatements="5" elements="18" coveredelements="8"/>
        </class>
        <line num="32" type="method" name="setDi" crap="1" count="1"/>
        <line num="34" type="stmt" count="1"/>
        <line num="35" type="stmt" count="1"/>
        <line num="42" type="method" name="getDi" crap="1" count="1"/>
        <line num="44" type="stmt" count="1"/>
        <line num="66" type="method" name="__construct" crap="1" count="2"/>
        <line num="68" type="stmt" count="2"/>
        <line num="69" type="stmt" count="2"/>
        <line num="77" type="method" name="extract" crap="6" count="0"/>
        <line num="79" type="stmt" count="0"/>
        <line num="81" type="stmt" count="0"/>
        <line num="82" type="stmt" count="0"/>
        <line num="83" type="stmt" count="0"/>
        <line num="86" type="stmt" count="0"/>
        <line num="87" type="stmt" count="0"/>
        <line num="88" type="stmt" count="0"/>
        <line num="91" type="stmt" count="0"/>
        <line num="93" type="stmt" count="0"/>
        <metrics loc="94" ncloc="48" classes="1" methods="4" coveredmethods="3" conditionals="0" coveredconditionals="0" statements="14" coveredstatements="5" elements="18" coveredelements="8"/>
      </file>
      <file name="/var/www/phalcon-devtools/phalcon.local/vendor/stanislav-web/phalcon-searcher/src/Searcher/Hydrators/SerializeHydrator.php">
        <class name="SerializeHydrator" namespace="Searcher\Searcher\Hydrators" fullPackage="Searcher" package="Searcher">
          <metrics methods="2" coveredmethods="2" conditionals="0" coveredconditionals="0" statements="7" coveredstatements="7" elements="9" coveredelements="9"/>
        </class>
        <line num="31" type="method" name="__construct" crap="1" count="1"/>
        <line num="33" type="stmt" count="1"/>
        <line num="34" type="stmt" count="1"/>
        <line num="42" type="method" name="extract" crap="2" count="1"/>
        <line num="45" type="stmt" count="1"/>
        <line num="46" type="stmt" count="1"/>
        <line num="47" type="stmt" count="1"/>
        <line num="49" type="stmt" count="1"/>
        <line num="52" type="stmt" count="1"/>
        <metrics loc="55" ncloc="29" classes="1" methods="2" coveredmethods="2" conditionals="0" coveredconditionals="0" statements="7" coveredstatements="7" elements="9" coveredelements="9"/>
      </file>
    </package>
    <metrics files="13" loc="1437" ncloc="739" classes="11" methods="53" coveredmethods="32" conditionals="0" coveredconditionals="0" statements="247" coveredstatements="115" elements="300" coveredelements="147"/>
  </project>
</coverage>
