<?xml version="1.0" encoding="UTF-8"?>
<coverage generated="1418433663">
  <project timestamp="1418433663">
    <package name="Phalcon\Searcher">
      <file name="/var/www/phalcon-devtools/phalcon.local/vendor/stanislav-web/phalcon-searcher/src/Searcher/Searcher.php">
        <class name="Searcher" namespace="Phalcon\Searcher" fullPackage="Phalcon" package="Phalcon">
          <metrics methods="10" coveredmethods="2" conditionals="0" coveredconditionals="0" statements="31" coveredstatements="3" elements="41" coveredelements="5"/>
        </class>
        <line num="39" type="method" name="__construct" crap="1" count="1"/>
        <line num="40" type="stmt" count="1"/>
        <line num="41" type="stmt" count="1"/>
        <line num="49" type="method" name="setMin" crap="2" count="0"/>
        <line num="51" type="stmt" count="0"/>
        <line num="52" type="stmt" count="0"/>
        <line num="61" type="method" name="setMax" crap="2" count="0"/>
        <line num="63" type="stmt" count="0"/>
        <line num="64" type="stmt" count="0"/>
        <line num="76" type="method" name="setExact" crap="2" count="0"/>
        <line num="77" type="stmt" count="0"/>
        <line num="78" type="stmt" count="0"/>
        <line num="100" type="method" name="setFields" crap="2" count="0"/>
        <line num="103" type="stmt" count="0"/>
        <line num="104" type="stmt" count="0"/>
        <line num="105" type="stmt" count="0"/>
        <line num="107" type="stmt" count="0"/>
        <line num="124" type="method" name="setOrder" crap="2" count="0"/>
        <line num="127" type="stmt" count="0"/>
        <line num="128" type="stmt" count="0"/>
        <line num="129" type="stmt" count="0"/>
        <line num="130" type="stmt" count="0"/>
        <line num="148" type="method" name="setGroup" crap="2" count="0"/>
        <line num="151" type="stmt" count="0"/>
        <line num="152" type="stmt" count="0"/>
        <line num="153" type="stmt" count="0"/>
        <line num="155" type="stmt" count="0"/>
        <line num="168" type="method" name="setQuery" crap="6" count="0"/>
        <line num="171" type="stmt" count="0"/>
        <line num="173" type="stmt" count="0"/>
        <line num="174" type="stmt" count="0"/>
        <line num="176" type="stmt" count="0"/>
        <line num="177" type="stmt" count="0"/>
        <line num="184" type="method" name="getFields" crap="1" count="1"/>
        <line num="185" type="stmt" count="1"/>
        <line num="194" type="method" name="run" crap="6" count="0"/>
        <line num="198" type="stmt" count="0"/>
        <line num="199" type="stmt" count="0"/>
        <line num="201" type="stmt" count="0"/>
        <line num="202" type="stmt" count="0"/>
        <line num="205" type="stmt" count="0"/>
        <metrics loc="206" ncloc="85" classes="1" methods="10" coveredmethods="2" conditionals="0" coveredconditionals="0" statements="31" coveredstatements="3" elements="41" coveredelements="5"/>
      </file>
      <file name="/var/www/phalcon-devtools/phalcon.local/vendor/stanislav-web/phalcon-searcher/src/Searcher/Validator.php">
        <class name="Validator" namespace="Phalcon\Searcher" fullPackage="Phalcon" package="Phalcon">
          <metrics methods="12" coveredmethods="0" conditionals="0" coveredconditionals="0" statements="65" coveredstatements="0" elements="77" coveredelements="0"/>
        </class>
        <line num="74" type="method" name="verify" crap="30" count="0"/>
        <line num="76" type="stmt" count="0"/>
        <line num="77" type="stmt" count="0"/>
        <line num="80" type="method" name="anonymous function" crap="20" count="0"/>
        <line num="82" type="stmt" count="0"/>
        <line num="83" type="stmt" count="0"/>
        <line num="85" type="stmt" count="0"/>
        <line num="87" type="stmt" count="0"/>
        <line num="88" type="stmt" count="0"/>
        <line num="89" type="stmt" count="0"/>
        <line num="90" type="stmt" count="0"/>
        <line num="93" type="stmt" count="0"/>
        <line num="103" type="method" name="setMin" crap="6" count="0"/>
        <line num="104" type="stmt" count="0"/>
        <line num="105" type="stmt" count="0"/>
        <line num="107" type="stmt" count="0"/>
        <line num="108" type="stmt" count="0"/>
        <line num="117" type="method" name="setMax" crap="6" count="0"/>
        <line num="118" type="stmt" count="0"/>
        <line num="119" type="stmt" count="0"/>
        <line num="121" type="stmt" count="0"/>
        <line num="122" type="stmt" count="0"/>
        <line num="131" type="method" name="isNotNull" crap="6" count="0"/>
        <line num="132" type="stmt" count="0"/>
        <line num="133" type="stmt" count="0"/>
        <line num="134" type="stmt" count="0"/>
        <line num="144" type="method" name="isArray" crap="6" count="0"/>
        <line num="145" type="stmt" count="0"/>
        <line num="146" type="stmt" count="0"/>
        <line num="147" type="stmt" count="0"/>
        <line num="156" type="method" name="isNotEmpty" crap="6" count="0"/>
        <line num="157" type="stmt" count="0"/>
        <line num="158" type="stmt" count="0"/>
        <line num="160" type="stmt" count="0"/>
        <line num="169" type="method" name="isNotFew" crap="6" count="0"/>
        <line num="170" type="stmt" count="0"/>
        <line num="171" type="stmt" count="0"/>
        <line num="172" type="stmt" count="0"/>
        <line num="182" type="method" name="isNotMuch" crap="6" count="0"/>
        <line num="183" type="stmt" count="0"/>
        <line num="184" type="stmt" count="0"/>
        <line num="185" type="stmt" count="0"/>
        <line num="194" type="method" name="isExists" crap="30" count="0"/>
        <line num="198" type="stmt" count="0"/>
        <line num="201" type="stmt" count="0"/>
        <line num="203" type="stmt" count="0"/>
        <line num="207" type="stmt" count="0"/>
        <line num="208" type="stmt" count="0"/>
        <line num="209" type="stmt" count="0"/>
        <line num="212" type="stmt" count="0"/>
        <line num="215" type="stmt" count="0"/>
        <line num="219" type="stmt" count="0"/>
        <line num="221" type="stmt" count="0"/>
        <line num="222" type="stmt" count="0"/>
        <line num="225" type="stmt" count="0"/>
        <line num="226" type="stmt" count="0"/>
        <line num="227" type="stmt" count="0"/>
        <line num="228" type="stmt" count="0"/>
        <line num="229" type="stmt" count="0"/>
        <line num="238" type="method" name="isOrdered" crap="30" count="0"/>
        <line num="242" type="stmt" count="0"/>
        <line num="245" type="stmt" count="0"/>
        <line num="247" type="stmt" count="0"/>
        <line num="251" type="stmt" count="0"/>
        <line num="252" type="stmt" count="0"/>
        <line num="256" type="stmt" count="0"/>
        <line num="258" type="stmt" count="0"/>
        <line num="259" type="stmt" count="0"/>
        <line num="261" type="stmt" count="0"/>
        <line num="262" type="stmt" count="0"/>
        <line num="265" type="stmt" count="0"/>
        <line num="266" type="stmt" count="0"/>
        <line num="267" type="stmt" count="0"/>
        <line num="276" type="method" name="validTypes" crap="6" count="0"/>
        <line num="278" type="stmt" count="0"/>
        <line num="280" type="stmt" count="0"/>
        <line num="281" type="stmt" count="0"/>
        <line num="283" type="stmt" count="0"/>
        <metrics loc="284" ncloc="154" classes="1" methods="12" coveredmethods="0" conditionals="0" coveredconditionals="0" statements="66" coveredstatements="0" elements="78" coveredelements="0"/>
      </file>
    </package>
    <package name="SebastianBergmann\GlobalState">
      <file name="/var/www/phalcon-devtools/phalcon.local/vendor/stanislav-web/phalcon-searcher/vendor/sebastian/global-state/src/Blacklist.php">
        <class name="Blacklist" namespace="SebastianBergmann\GlobalState">
          <metrics methods="8" coveredmethods="2" conditionals="0" coveredconditionals="0" statements="34" coveredstatements="15" elements="42" coveredelements="17"/>
        </class>
        <line num="90" type="method" name="addGlobalVariable" crap="2" count="0"/>
        <line num="92" type="stmt" count="0"/>
        <line num="93" type="stmt" count="0"/>
        <line num="98" type="method" name="addClass" crap="2" count="0"/>
        <line num="100" type="stmt" count="0"/>
        <line num="101" type="stmt" count="0"/>
        <line num="106" type="method" name="addSubclassesOf" crap="2" count="0"/>
        <line num="108" type="stmt" count="0"/>
        <line num="109" type="stmt" count="0"/>
        <line num="114" type="method" name="addImplementorsOf" crap="2" count="0"/>
        <line num="116" type="stmt" count="0"/>
        <line num="117" type="stmt" count="0"/>
        <line num="122" type="method" name="addClassNamePrefix" crap="1" count="2"/>
        <line num="124" type="stmt" count="2"/>
        <line num="125" type="stmt" count="2"/>
        <line num="131" type="method" name="addStaticAttribute" crap="6" count="0"/>
        <line num="133" type="stmt" count="0"/>
        <line num="134" type="stmt" count="0"/>
        <line num="135" type="stmt" count="0"/>
        <line num="137" type="stmt" count="0"/>
        <line num="138" type="stmt" count="0"/>
        <line num="144" type="method" name="isGlobalVariableBlacklisted" crap="1" count="2"/>
        <line num="146" type="stmt" count="2"/>
        <line num="154" type="method" name="isStaticAttributeBlacklisted" crap="12.00" count="2"/>
        <line num="156" type="stmt" count="2"/>
        <line num="157" type="stmt" count="0"/>
        <line num="160" type="stmt" count="2"/>
        <line num="161" type="stmt" count="2"/>
        <line num="162" type="stmt" count="2"/>
        <line num="164" type="stmt" count="2"/>
        <line num="166" type="stmt" count="2"/>
        <line num="168" type="stmt" count="2"/>
        <line num="169" type="stmt" count="0"/>
        <line num="170" type="stmt" count="0"/>
        <line num="172" type="stmt" count="2"/>
        <line num="174" type="stmt" count="2"/>
        <line num="175" type="stmt" count="0"/>
        <line num="176" type="stmt" count="0"/>
        <line num="178" type="stmt" count="2"/>
        <line num="180" type="stmt" count="2"/>
        <line num="181" type="stmt" count="0"/>
        <line num="184" type="stmt" count="2"/>
        <metrics loc="186" ncloc="92" classes="1" methods="8" coveredmethods="2" conditionals="0" coveredconditionals="0" statements="34" coveredstatements="15" elements="42" coveredelements="17"/>
      </file>
      <file name="/var/www/phalcon-devtools/phalcon.local/vendor/stanislav-web/phalcon-searcher/vendor/sebastian/global-state/src/Restorer.php">
        <class name="Restorer" namespace="SebastianBergmann\GlobalState">
          <metrics methods="4" coveredmethods="1" conditionals="0" coveredconditionals="0" statements="49" coveredstatements="40" elements="53" coveredelements="41"/>
        </class>
        <line num="64" type="method" name="restoreFunctions" crap="12" count="0"/>
        <line num="66" type="stmt" count="0"/>
        <line num="67" type="stmt" count="0"/>
        <line num="70" type="stmt" count="0"/>
        <line num="72" type="stmt" count="0"/>
        <line num="73" type="stmt" count="0"/>
        <line num="74" type="stmt" count="0"/>
        <line num="75" type="stmt" count="0"/>
        <line num="82" type="method" name="restoreGlobalVariables" crap="7.01" count="2"/>
        <line num="84" type="stmt" count="2"/>
        <line num="86" type="stmt" count="2"/>
        <line num="87" type="stmt" count="2"/>
        <line num="88" type="stmt" count="2"/>
        <line num="90" type="stmt" count="2"/>
        <line num="92" type="stmt" count="2"/>
        <line num="93" type="stmt" count="2"/>
        <line num="94" type="stmt" count="2"/>
        <line num="95" type="stmt" count="2"/>
        <line num="96" type="stmt" count="2"/>
        <line num="97" type="stmt" count="2"/>
        <line num="98" type="stmt" count="2"/>
        <line num="99" type="stmt" count="0"/>
        <line num="101" type="stmt" count="2"/>
        <line num="102" type="stmt" count="2"/>
        <line num="103" type="stmt" count="2"/>
        <line num="110" type="method" name="restoreStaticAttributes" crap="3" count="2"/>
        <line num="112" type="stmt" count="2"/>
        <line num="113" type="stmt" count="2"/>
        <line num="114" type="stmt" count="2"/>
        <line num="115" type="stmt" count="2"/>
        <line num="116" type="stmt" count="2"/>
        <line num="117" type="stmt" count="2"/>
        <line num="118" type="stmt" count="2"/>
        <line num="119" type="stmt" count="2"/>
        <line num="127" type="method" name="restoreSuperGlobalArray" crap="6.01" count="2"/>
        <line num="129" type="stmt" count="2"/>
        <line num="131" type="stmt" count="2"/>
        <line num="132" type="stmt" count="2"/>
        <line num="133" type="stmt" count="2"/>
        <line num="134" type="stmt" count="2"/>
        <line num="135" type="stmt" count="2"/>
        <line num="136" type="stmt" count="2"/>
        <line num="137" type="stmt" count="2"/>
        <line num="138" type="stmt" count="2"/>
        <line num="139" type="stmt" count="2"/>
        <line num="141" type="stmt" count="2"/>
        <line num="142" type="stmt" count="2"/>
        <line num="143" type="stmt" count="2"/>
        <line num="144" type="stmt" count="2"/>
        <line num="145" type="stmt" count="0"/>
        <line num="147" type="stmt" count="2"/>
        <line num="148" type="stmt" count="2"/>
        <line num="149" type="stmt" count="2"/>
        <metrics loc="150" ncloc="79" classes="1" methods="4" coveredmethods="1" conditionals="0" coveredconditionals="0" statements="49" coveredstatements="40" elements="53" coveredelements="41"/>
      </file>
      <file name="/var/www/phalcon-devtools/phalcon.local/vendor/stanislav-web/phalcon-searcher/vendor/sebastian/global-state/src/Snapshot.php">
        <class name="Snapshot" namespace="SebastianBergmann\GlobalState">
          <metrics methods="22" coveredmethods="10" conditionals="0" coveredconditionals="0" statements="130" coveredstatements="85" elements="152" coveredelements="95"/>
        </class>
        <line num="132" type="method" name="__construct" crap="18.92" count="2"/>
        <line num="134" type="stmt" count="2"/>
        <line num="135" type="stmt" count="0"/>
        <line num="136" type="stmt" count="0"/>
        <line num="138" type="stmt" count="2"/>
        <line num="140" type="stmt" count="2"/>
        <line num="141" type="stmt" count="0"/>
        <line num="142" type="stmt" count="0"/>
        <line num="144" type="stmt" count="2"/>
        <line num="145" type="stmt" count="0"/>
        <line num="146" type="stmt" count="0"/>
        <line num="148" type="stmt" count="2"/>
        <line num="149" type="stmt" count="2"/>
        <line num="150" type="stmt" count="2"/>
        <line num="152" type="stmt" count="2"/>
        <line num="153" type="stmt" count="0"/>
        <line num="154" type="stmt" count="0"/>
        <line num="156" type="stmt" count="2"/>
        <line num="157" type="stmt" count="2"/>
        <line num="158" type="stmt" count="2"/>
        <line num="159" type="stmt" count="2"/>
        <line num="161" type="stmt" count="2"/>
        <line num="162" type="stmt" count="2"/>
        <line num="163" type="stmt" count="2"/>
        <line num="165" type="stmt" count="2"/>
        <line num="166" type="stmt" count="0"/>
        <line num="167" type="stmt" count="0"/>
        <line num="169" type="stmt" count="2"/>
        <line num="170" type="stmt" count="0"/>
        <line num="171" type="stmt" count="0"/>
        <line num="173" type="stmt" count="2"/>
        <line num="174" type="stmt" count="2"/>
        <line num="175" type="stmt" count="2"/>
        <line num="176" type="stmt" count="2"/>
        <line num="181" type="method" name="blacklist" crap="1" count="2"/>
        <line num="183" type="stmt" count="2"/>
        <line num="189" type="method" name="globalVariables" crap="1" count="2"/>
        <line num="191" type="stmt" count="2"/>
        <line num="197" type="method" name="superGlobalVariables" crap="1" count="2"/>
        <line num="199" type="stmt" count="2"/>
        <line num="207" type="method" name="superGlobalArrays" crap="1" count="2"/>
        <line num="209" type="stmt" count="2"/>
        <line num="215" type="method" name="staticAttributes" crap="1" count="2"/>
        <line num="217" type="stmt" count="2"/>
        <line num="223" type="method" name="iniSettings" crap="2" count="0"/>
        <line num="225" type="stmt" count="0"/>
        <line num="231" type="method" name="includedFiles" crap="2" count="0"/>
        <line num="233" type="stmt" count="0"/>
        <line num="239" type="method" name="constants" crap="2" count="0"/>
        <line num="241" type="stmt" count="0"/>
        <line num="247" type="method" name="functions" crap="2" count="0"/>
        <line num="249" type="stmt" count="0"/>
        <line num="255" type="method" name="interfaces" crap="2" count="0"/>
        <line num="257" type="stmt" count="0"/>
        <line num="263" type="method" name="classes" crap="2" count="0"/>
        <line num="265" type="stmt" count="0"/>
        <line num="271" type="method" name="traits" crap="2" count="0"/>
        <line num="273" type="stmt" count="0"/>
        <line num="279" type="method" name="snapshotConstants" crap="6" count="0"/>
        <line num="281" type="stmt" count="0"/>
        <line num="283" type="stmt" count="0"/>
        <line num="284" type="stmt" count="0"/>
        <line num="285" type="stmt" count="0"/>
        <line num="286" type="stmt" count="0"/>
        <line num="291" type="method" name="snapshotFunctions" crap="2" count="0"/>
        <line num="293" type="stmt" count="0"/>
        <line num="295" type="stmt" count="0"/>
        <line num="296" type="stmt" count="0"/>
        <line num="301" type="method" name="snapshotClasses" crap="3" count="2"/>
        <line num="303" type="stmt" count="2"/>
        <line num="304" type="stmt" count="2"/>
        <line num="306" type="stmt" count="2"/>
        <line num="307" type="stmt" count="2"/>
        <line num="310" type="stmt" count="2"/>
        <line num="311" type="stmt" count="2"/>
        <line num="313" type="stmt" count="2"/>
        <line num="314" type="stmt" count="2"/>
        <line num="319" type="method" name="snapshotInterfaces" crap="12" count="0"/>
        <line num="321" type="stmt" count="0"/>
        <line num="322" type="stmt" count="0"/>
        <line num="324" type="stmt" count="0"/>
        <line num="325" type="stmt" count="0"/>
        <line num="328" type="stmt" count="0"/>
        <line num="329" type="stmt" count="0"/>
        <line num="331" type="stmt" count="0"/>
        <line num="332" type="stmt" count="0"/>
        <line num="337" type="method" name="snapshotGlobals" crap="7" count="2"/>
        <line num="339" type="stmt" count="2"/>
        <line num="341" type="stmt" count="2"/>
        <line num="342" type="stmt" count="2"/>
        <line num="343" type="stmt" count="2"/>
        <line num="345" type="stmt" count="2"/>
        <line num="346" type="stmt" count="2"/>
        <line num="347" type="stmt" count="2"/>
        <line num="348" type="stmt" count="2"/>
        <line num="349" type="stmt" count="2"/>
        <line num="350" type="stmt" count="2"/>
        <line num="351" type="stmt" count="2"/>
        <line num="352" type="stmt" count="2"/>
        <line num="353" type="stmt" count="2"/>
        <line num="360" type="method" name="snapshotSuperGlobalArray" crap="4" count="2"/>
        <line num="362" type="stmt" count="2"/>
        <line num="364" type="stmt" count="2"/>
        <line num="365" type="stmt" count="2"/>
        <line num="366" type="stmt" count="2"/>
        <line num="367" type="stmt" count="2"/>
        <line num="368" type="stmt" count="2"/>
        <line num="369" type="stmt" count="2"/>
        <line num="374" type="method" name="snapshotStaticAttributes" crap="7" count="2"/>
        <line num="376" type="stmt" count="2"/>
        <line num="377" type="stmt" count="2"/>
        <line num="378" type="stmt" count="2"/>
        <line num="380" type="stmt" count="2"/>
        <line num="381" type="stmt" count="2"/>
        <line num="382" type="stmt" count="2"/>
        <line num="384" type="stmt" count="2"/>
        <line num="385" type="stmt" count="2"/>
        <line num="388" type="stmt" count="2"/>
        <line num="389" type="stmt" count="2"/>
        <line num="391" type="stmt" count="2"/>
        <line num="392" type="stmt" count="2"/>
        <line num="393" type="stmt" count="2"/>
        <line num="394" type="stmt" count="2"/>
        <line num="395" type="stmt" count="2"/>
        <line num="397" type="stmt" count="2"/>
        <line num="398" type="stmt" count="2"/>
        <line num="399" type="stmt" count="2"/>
        <line num="400" type="stmt" count="2"/>
        <line num="401" type="stmt" count="2"/>
        <line num="408" type="method" name="setupSuperGlobalArrays" crap="2.50" count="2"/>
        <line num="410" type="stmt" count="2"/>
        <line num="411" type="stmt" count="2"/>
        <line num="412" type="stmt" count="2"/>
        <line num="413" type="stmt" count="2"/>
        <line num="414" type="stmt" count="2"/>
        <line num="415" type="stmt" count="2"/>
        <line num="416" type="stmt" count="2"/>
        <line num="418" type="stmt" count="2"/>
        <line num="420" type="stmt" count="2"/>
        <line num="421" type="stmt" count="0"/>
        <line num="422" type="stmt" count="0"/>
        <line num="424" type="stmt" count="0"/>
        <line num="425" type="stmt" count="0"/>
        <line num="426" type="stmt" count="0"/>
        <line num="427" type="stmt" count="0"/>
        <line num="428" type="stmt" count="0"/>
        <line num="430" type="stmt" count="0"/>
        <line num="431" type="stmt" count="0"/>
        <line num="432" type="stmt" count="0"/>
        <line num="433" type="stmt" count="2"/>
        <line num="440" type="method" name="canBeSerialized" crap="1" count="2"/>
        <line num="441" type="stmt" count="2"/>
        <metrics loc="443" ncloc="274" classes="1" methods="22" coveredmethods="10" conditionals="0" coveredconditionals="0" statements="130" coveredstatements="85" elements="152" coveredelements="95"/>
      </file>
    </package>
    <metrics files="5" loc="1269" ncloc="684" classes="5" methods="56" coveredmethods="15" conditionals="0" coveredconditionals="0" statements="310" coveredstatements="143" elements="366" coveredelements="158"/>
  </project>
</coverage>
