<?xml version="1.0" encoding="UTF-8"?>
<coverage generated="1418442059">
  <project timestamp="1418442059">
    <package name="Phalcon\Searcher\Test">
      <file name="/var/www/phalcon-devtools/phalcon.local/vendor/stanislav-web/phalcon-searcher/phpunit/src/Searcher/BuilderTest.php">
        <class name="BuilderTest" namespace="Phalcon\Searcher\Test" fullPackage="Phalcon.Phalcon" package="Phalcon" subpackage="Phalcon">
          <metrics methods="2" coveredmethods="0" conditionals="0" coveredconditionals="0" statements="4" coveredstatements="0" elements="6" coveredelements="0"/>
        </class>
        <line num="28" type="method" name="setUp" crap="2" count="0"/>
        <line num="29" type="stmt" count="0"/>
        <line num="30" type="stmt" count="0"/>
        <line num="36" type="method" name="tearDown" crap="2" count="0"/>
        <line num="37" type="stmt" count="0"/>
        <line num="38" type="stmt" count="0"/>
        <metrics loc="39" ncloc="18" classes="1" methods="2" coveredmethods="0" conditionals="0" coveredconditionals="0" statements="4" coveredstatements="0" elements="6" coveredelements="0"/>
      </file>
      <file name="/var/www/phalcon-devtools/phalcon.local/vendor/stanislav-web/phalcon-searcher/phpunit/src/Searcher/SearcherTest.php">
        <class name="SearcherTest" namespace="Phalcon\Searcher\Test" fullPackage="Phalcon.Phalcon" package="Phalcon" subpackage="Phalcon">
          <metrics methods="3" coveredmethods="3" conditionals="0" coveredconditionals="0" statements="7" coveredstatements="7" elements="10" coveredelements="10"/>
        </class>
        <line num="27" type="method" name="setUp" crap="1" count="1"/>
        <line num="28" type="stmt" count="1"/>
        <line num="29" type="stmt" count="1"/>
        <line num="35" type="method" name="tearDown" crap="1" count="1"/>
        <line num="36" type="stmt" count="1"/>
        <line num="37" type="stmt" count="1"/>
        <line num="39" type="method" name="testFailure" crap="1" count="1"/>
        <line num="43" type="stmt" count="1"/>
        <line num="46" type="stmt" count="1"/>
        <line num="48" type="stmt" count="1"/>
        <metrics loc="49" ncloc="24" classes="1" methods="3" coveredmethods="3" conditionals="0" coveredconditionals="0" statements="7" coveredstatements="7" elements="10" coveredelements="10"/>
      </file>
      <file name="/var/www/phalcon-devtools/phalcon.local/vendor/stanislav-web/phalcon-searcher/phpunit/src/Searcher/ValidatorTest.php">
        <class name="ValidatorTest" namespace="Phalcon\Searcher\Test" fullPackage="Phalcon.Phalcon" package="Phalcon" subpackage="Phalcon">
          <metrics methods="3" coveredmethods="3" conditionals="0" coveredconditionals="0" statements="9" coveredstatements="9" elements="12" coveredelements="12"/>
        </class>
        <line num="26" type="method" name="setUp" crap="1" count="1"/>
        <line num="27" type="stmt" count="1"/>
        <line num="28" type="stmt" count="1"/>
        <line num="34" type="method" name="tearDown" crap="1" count="1"/>
        <line num="35" type="stmt" count="1"/>
        <line num="36" type="stmt" count="1"/>
        <line num="38" type="method" name="testFailure" crap="2" count="1"/>
        <line num="40" type="stmt" count="1"/>
        <line num="41" type="stmt" count="1"/>
        <line num="42" type="stmt" count="1"/>
        <line num="45" type="stmt" count="1"/>
        <line num="46" type="stmt" count="1"/>
        <metrics loc="47" ncloc="24" classes="1" methods="3" coveredmethods="3" conditionals="0" coveredconditionals="0" statements="9" coveredstatements="9" elements="12" coveredelements="12"/>
      </file>
    </package>
    <package name="Phalcon\Searcher\Exceptions\Test">
      <file name="/var/www/phalcon-devtools/phalcon.local/vendor/stanislav-web/phalcon-searcher/phpunit/src/Searcher/Exceptions/ColumnTest.php">
        <class name="ColumnTest" namespace="Phalcon\Searcher\Exceptions\Test" fullPackage="Test.Phalcon" package="Test" subpackage="Phalcon">
          <metrics methods="0" coveredmethods="0" conditionals="0" coveredconditionals="0" statements="0" coveredstatements="0" elements="0" coveredelements="0"/>
        </class>
        <metrics loc="15" ncloc="6" classes="1" methods="0" coveredmethods="0" conditionals="0" coveredconditionals="0" statements="0" coveredstatements="0" elements="0" coveredelements="0"/>
      </file>
      <file name="/var/www/phalcon-devtools/phalcon.local/vendor/stanislav-web/phalcon-searcher/phpunit/src/Searcher/Exceptions/DataTypeExceptionTest.php">
        <class name="DataTypeExceptionTest" namespace="Phalcon\Searcher\Exceptions\Test" fullPackage="Test.Phalcon" package="Test" subpackage="Phalcon">
          <metrics methods="0" coveredmethods="0" conditionals="0" coveredconditionals="0" statements="0" coveredstatements="0" elements="0" coveredelements="0"/>
        </class>
        <metrics loc="15" ncloc="6" classes="1" methods="0" coveredmethods="0" conditionals="0" coveredconditionals="0" statements="0" coveredstatements="0" elements="0" coveredelements="0"/>
      </file>
      <file name="/var/www/phalcon-devtools/phalcon.local/vendor/stanislav-web/phalcon-searcher/phpunit/src/Searcher/Exceptions/InvalidLengthExceptionTest.php">
        <class name="InvalidLengthExceptionTest" namespace="Phalcon\Searcher\Exceptions\Test" fullPackage="Test.Phalcon" package="Test" subpackage="Phalcon">
          <metrics methods="0" coveredmethods="0" conditionals="0" coveredconditionals="0" statements="0" coveredstatements="0" elements="0" coveredelements="0"/>
        </class>
        <metrics loc="15" ncloc="6" classes="1" methods="0" coveredmethods="0" conditionals="0" coveredconditionals="0" statements="0" coveredstatements="0" elements="0" coveredelements="0"/>
      </file>
      <file name="/var/www/phalcon-devtools/phalcon.local/vendor/stanislav-web/phalcon-searcher/phpunit/src/Searcher/Exceptions/NullArgumentExceptionTest.php">
        <class name="NullArgumentExceptionTest" namespace="Phalcon\Searcher\Exceptions\Test" fullPackage="Test.Phalcon" package="Test" subpackage="Phalcon">
          <metrics methods="0" coveredmethods="0" conditionals="0" coveredconditionals="0" statements="0" coveredstatements="0" elements="0" coveredelements="0"/>
        </class>
        <metrics loc="15" ncloc="6" classes="1" methods="0" coveredmethods="0" conditionals="0" coveredconditionals="0" statements="0" coveredstatements="0" elements="0" coveredelements="0"/>
      </file>
    </package>
    <package name="Phalcon\Searcher\Factories\Test">
      <file name="/var/www/phalcon-devtools/phalcon.local/vendor/stanislav-web/phalcon-searcher/phpunit/src/Searcher/Factories/ExceptionFactoryTest.php">
        <class name="ExceptionFactoryTest" namespace="Phalcon\Searcher\Factories\Test" fullPackage="Test.Phalcon" package="Test" subpackage="Phalcon">
          <metrics methods="1" coveredmethods="0" conditionals="0" coveredconditionals="0" statements="2" coveredstatements="0" elements="3" coveredelements="0"/>
        </class>
        <line num="27" type="method" name="tearDown" crap="2" count="0"/>
        <line num="28" type="stmt" count="0"/>
        <line num="29" type="stmt" count="0"/>
        <metrics loc="30" ncloc="13" classes="1" methods="1" coveredmethods="0" conditionals="0" coveredconditionals="0" statements="2" coveredstatements="0" elements="3" coveredelements="0"/>
      </file>
    </package>
    <metrics files="8" loc="225" ncloc="103" classes="8" methods="9" coveredmethods="6" conditionals="0" coveredconditionals="0" statements="22" coveredstatements="16" elements="31" coveredelements="22"/>
  </project>
</coverage>
